2024-03-11T23:19:24.588+03:00  INFO 28652 --- [storage-service] [main] r.h.s.StorageServiceApplicationTests     : Starting StorageServiceApplicationTests using Java 18 with PID 28652 (started by Heumn in C:\Users\Heumn\IdeaProjects\auto-microservices\storage-service)
2024-03-11T23:19:24.590+03:00 DEBUG 28652 --- [storage-service] [main] r.h.s.StorageServiceApplicationTests     : Running with Spring Boot v3.2.3, Spring v6.1.4
2024-03-11T23:19:24.591+03:00  INFO 28652 --- [storage-service] [main] r.h.s.StorageServiceApplicationTests     : No active profile set, falling back to 1 default profile: "default"
2024-03-11T23:19:25.509+03:00  INFO 28652 --- [storage-service] [main] .s.d.r.c.RepositoryConfigurationDelegate : Bootstrapping Spring Data JPA repositories in DEFAULT mode.
2024-03-11T23:19:25.544+03:00  INFO 28652 --- [storage-service] [main] .s.d.r.c.RepositoryConfigurationDelegate : Finished Spring Data repository scanning in 20 ms. Found 0 JPA repository interfaces.
2024-03-11T23:19:25.838+03:00  INFO 28652 --- [storage-service] [main] o.s.cloud.context.scope.GenericScope     : BeanFactory id=1461dbef-2051-3376-9b46-04c63454914f
2024-03-11T23:19:26.180+03:00  WARN 28652 --- [storage-service] [main] trationDelegate$BeanPostProcessorChecker : Bean 'org.springframework.cloud.client.loadbalancer.LoadBalancerAutoConfiguration$LoadBalancerInterceptorConfig' of type [org.springframework.cloud.client.loadbalancer.LoadBalancerAutoConfiguration$LoadBalancerInterceptorConfig] is not eligible for getting processed by all BeanPostProcessors (for example: not eligible for auto-proxying). The currently created BeanPostProcessor [lbRestClientPostProcessor] is declared through a non-static factory method on that class; consider declaring it as static instead.
2024-03-11T23:19:26.183+03:00  WARN 28652 --- [storage-service] [main] trationDelegate$BeanPostProcessorChecker : Bean 'org.springframework.cloud.loadbalancer.config.BlockingLoadBalancerClientAutoConfiguration' of type [org.springframework.cloud.loadbalancer.config.BlockingLoadBalancerClientAutoConfiguration] is not eligible for getting processed by all BeanPostProcessors (for example: not eligible for auto-proxying). Is this bean getting eagerly injected into a currently created BeanPostProcessor [lbRestClientPostProcessor]? Check the corresponding BeanPostProcessor declaration and its dependencies.
2024-03-11T23:19:26.184+03:00  WARN 28652 --- [storage-service] [main] trationDelegate$BeanPostProcessorChecker : Bean 'org.springframework.cloud.loadbalancer.config.LoadBalancerAutoConfiguration' of type [org.springframework.cloud.loadbalancer.config.LoadBalancerAutoConfiguration] is not eligible for getting processed by all BeanPostProcessors (for example: not eligible for auto-proxying). Is this bean getting eagerly injected into a currently created BeanPostProcessor [lbRestClientPostProcessor]? Check the corresponding BeanPostProcessor declaration and its dependencies.
2024-03-11T23:19:26.193+03:00  WARN 28652 --- [storage-service] [main] trationDelegate$BeanPostProcessorChecker : Bean 'org.springframework.cloud.commons.config.CommonsConfigAutoConfiguration' of type [org.springframework.cloud.commons.config.CommonsConfigAutoConfiguration] is not eligible for getting processed by all BeanPostProcessors (for example: not eligible for auto-proxying). Is this bean getting eagerly injected into a currently created BeanPostProcessor [lbRestClientPostProcessor]? Check the corresponding BeanPostProcessor declaration and its dependencies.
2024-03-11T23:19:26.195+03:00  WARN 28652 --- [storage-service] [main] trationDelegate$BeanPostProcessorChecker : Bean 'org.springframework.cloud.client.loadbalancer.LoadBalancerDefaultMappingsProviderAutoConfiguration' of type [org.springframework.cloud.client.loadbalancer.LoadBalancerDefaultMappingsProviderAutoConfiguration] is not eligible for getting processed by all BeanPostProcessors (for example: not eligible for auto-proxying). Is this bean getting eagerly injected into a currently created BeanPostProcessor [lbRestClientPostProcessor]? Check the corresponding BeanPostProcessor declaration and its dependencies.
2024-03-11T23:19:26.196+03:00  WARN 28652 --- [storage-service] [main] trationDelegate$BeanPostProcessorChecker : Bean 'loadBalancerClientsDefaultsMappingsProvider' of type [org.springframework.cloud.client.loadbalancer.LoadBalancerDefaultMappingsProviderAutoConfiguration$$Lambda$917/0x0000000801054d70] is not eligible for getting processed by all BeanPostProcessors (for example: not eligible for auto-proxying). Is this bean getting eagerly injected into a currently created BeanPostProcessor [lbRestClientPostProcessor]? Check the corresponding BeanPostProcessor declaration and its dependencies.
2024-03-11T23:19:26.198+03:00  WARN 28652 --- [storage-service] [main] trationDelegate$BeanPostProcessorChecker : Bean 'defaultsBindHandlerAdvisor' of type [org.springframework.cloud.commons.config.DefaultsBindHandlerAdvisor] is not eligible for getting processed by all BeanPostProcessors (for example: not eligible for auto-proxying). Is this bean getting eagerly injected into a currently created BeanPostProcessor [lbRestClientPostProcessor]? Check the corresponding BeanPostProcessor declaration and its dependencies.
2024-03-11T23:19:26.206+03:00  WARN 28652 --- [storage-service] [main] trationDelegate$BeanPostProcessorChecker : Bean 'spring.cloud.loadbalancer-org.springframework.cloud.client.loadbalancer.LoadBalancerClientsProperties' of type [org.springframework.cloud.client.loadbalancer.LoadBalancerClientsProperties] is not eligible for getting processed by all BeanPostProcessors (for example: not eligible for auto-proxying). Is this bean getting eagerly injected into a currently created BeanPostProcessor [lbRestClientPostProcessor]? Check the corresponding BeanPostProcessor declaration and its dependencies.
2024-03-11T23:19:26.212+03:00  WARN 28652 --- [storage-service] [main] trationDelegate$BeanPostProcessorChecker : Bean 'default.org.springframework.cloud.loadbalancer.config.LoadBalancerAutoConfiguration.LoadBalancerClientSpecification' of type [org.springframework.cloud.loadbalancer.annotation.LoadBalancerClientSpecification] is not eligible for getting processed by all BeanPostProcessors (for example: not eligible for auto-proxying). Is this bean getting eagerly injected into a currently created BeanPostProcessor [lbRestClientPostProcessor]? Check the corresponding BeanPostProcessor declaration and its dependencies.
2024-03-11T23:19:26.214+03:00  WARN 28652 --- [storage-service] [main] trationDelegate$BeanPostProcessorChecker : Bean 'default.org.springframework.cloud.loadbalancer.config.BlockingLoadBalancerClientAutoConfiguration.LoadBalancerClientSpecification' of type [org.springframework.cloud.loadbalancer.annotation.LoadBalancerClientSpecification] is not eligible for getting processed by all BeanPostProcessors (for example: not eligible for auto-proxying). Is this bean getting eagerly injected into a currently created BeanPostProcessor [lbRestClientPostProcessor]? Check the corresponding BeanPostProcessor declaration and its dependencies.
2024-03-11T23:19:26.215+03:00  WARN 28652 --- [storage-service] [main] trationDelegate$BeanPostProcessorChecker : Bean 'default.org.springframework.cloud.netflix.eureka.loadbalancer.LoadBalancerEurekaAutoConfiguration.LoadBalancerClientSpecification' of type [org.springframework.cloud.loadbalancer.annotation.LoadBalancerClientSpecification] is not eligible for getting processed by all BeanPostProcessors (for example: not eligible for auto-proxying). Is this bean getting eagerly injected into a currently created BeanPostProcessor [lbRestClientPostProcessor]? Check the corresponding BeanPostProcessor declaration and its dependencies.
2024-03-11T23:19:26.216+03:00  WARN 28652 --- [storage-service] [main] trationDelegate$BeanPostProcessorChecker : Bean 'loadBalancerClientFactory' of type [org.springframework.cloud.loadbalancer.support.LoadBalancerClientFactory] is not eligible for getting processed by all BeanPostProcessors (for example: not eligible for auto-proxying). Is this bean getting eagerly injected into a currently created BeanPostProcessor [lbRestClientPostProcessor]? Check the corresponding BeanPostProcessor declaration and its dependencies.
2024-03-11T23:19:26.221+03:00  WARN 28652 --- [storage-service] [main] trationDelegate$BeanPostProcessorChecker : Bean 'blockingLoadBalancerClient' of type [org.springframework.cloud.loadbalancer.blocking.client.BlockingLoadBalancerClient] is not eligible for getting processed by all BeanPostProcessors (for example: not eligible for auto-proxying). Is this bean getting eagerly injected into a currently created BeanPostProcessor [lbRestClientPostProcessor]? Check the corresponding BeanPostProcessor declaration and its dependencies.
2024-03-11T23:19:26.228+03:00  WARN 28652 --- [storage-service] [main] trationDelegate$BeanPostProcessorChecker : Bean 'loadBalancerServiceInstanceCookieTransformer' of type [org.springframework.cloud.loadbalancer.core.LoadBalancerServiceInstanceCookieTransformer] is not eligible for getting processed by all BeanPostProcessors (for example: not eligible for auto-proxying). Is this bean getting eagerly injected into a currently created BeanPostProcessor [lbRestClientPostProcessor]? Check the corresponding BeanPostProcessor declaration and its dependencies.
2024-03-11T23:19:26.230+03:00  WARN 28652 --- [storage-service] [main] trationDelegate$BeanPostProcessorChecker : Bean 'xForwarderHeadersTransformer' of type [org.springframework.cloud.loadbalancer.blocking.XForwardedHeadersTransformer] is not eligible for getting processed by all BeanPostProcessors (for example: not eligible for auto-proxying). Is this bean getting eagerly injected into a currently created BeanPostProcessor [lbRestClientPostProcessor]? Check the corresponding BeanPostProcessor declaration and its dependencies.
2024-03-11T23:19:26.231+03:00  WARN 28652 --- [storage-service] [main] trationDelegate$BeanPostProcessorChecker : Bean 'org.springframework.cloud.client.loadbalancer.LoadBalancerAutoConfiguration' of type [org.springframework.cloud.client.loadbalancer.LoadBalancerAutoConfiguration] is not eligible for getting processed by all BeanPostProcessors (for example: not eligible for auto-proxying). Is this bean getting eagerly injected into a currently created BeanPostProcessor [lbRestClientPostProcessor]? Check the corresponding BeanPostProcessor declaration and its dependencies.
2024-03-11T23:19:26.234+03:00  WARN 28652 --- [storage-service] [main] trationDelegate$BeanPostProcessorChecker : Bean 'loadBalancerRequestFactory' of type [org.springframework.cloud.client.loadbalancer.LoadBalancerRequestFactory] is not eligible for getting processed by all BeanPostProcessors (for example: not eligible for auto-proxying). Is this bean getting eagerly injected into a currently created BeanPostProcessor [lbRestClientPostProcessor]? Check the corresponding BeanPostProcessor declaration and its dependencies.
2024-03-11T23:19:26.237+03:00  WARN 28652 --- [storage-service] [main] trationDelegate$BeanPostProcessorChecker : Bean 'loadBalancerInterceptor' of type [org.springframework.cloud.client.loadbalancer.LoadBalancerInterceptor] is not eligible for getting processed by all BeanPostProcessors (for example: not eligible for auto-proxying). Is this bean getting eagerly injected into a currently created BeanPostProcessor [lbRestClientPostProcessor]? Check the corresponding BeanPostProcessor declaration and its dependencies.
2024-03-11T23:19:26.359+03:00  INFO 28652 --- [storage-service] [main] com.zaxxer.hikari.HikariDataSource       : HikariPool-1 - Starting...
2024-03-11T23:19:26.656+03:00  INFO 28652 --- [storage-service] [main] com.zaxxer.hikari.pool.HikariPool        : HikariPool-1 - Added connection org.postgresql.jdbc.PgConnection@cdb3c85
2024-03-11T23:19:26.659+03:00  INFO 28652 --- [storage-service] [main] com.zaxxer.hikari.HikariDataSource       : HikariPool-1 - Start completed.
2024-03-11T23:19:26.950+03:00  INFO 28652 --- [storage-service] [main] liquibase.database                       : Set default schema name to public
2024-03-11T23:19:27.262+03:00  INFO 28652 --- [storage-service] [main] liquibase.changelog                      : Reading from public.databasechangelog
2024-03-11T23:19:27.303+03:00  INFO 28652 --- [storage-service] [main] liquibase.changelog                      : Reading from public.databasechangelog
2024-03-11T23:19:27.341+03:00  INFO 28652 --- [storage-service] [main] liquibase.util                           : UPDATE SUMMARY
2024-03-11T23:19:27.342+03:00  INFO 28652 --- [storage-service] [main] liquibase.util                           : Run:                          0
2024-03-11T23:19:27.342+03:00  INFO 28652 --- [storage-service] [main] liquibase.util                           : Previously run:               2
2024-03-11T23:19:27.342+03:00  INFO 28652 --- [storage-service] [main] liquibase.util                           : Filtered out:                 0
2024-03-11T23:19:27.342+03:00  INFO 28652 --- [storage-service] [main] liquibase.util                           : -------------------------------
2024-03-11T23:19:27.342+03:00  INFO 28652 --- [storage-service] [main] liquibase.util                           : Total change sets:            2
2024-03-11T23:19:27.342+03:00  INFO 28652 --- [storage-service] [main] liquibase.util                           : Update summary generated
2024-03-11T23:19:27.368+03:00  INFO 28652 --- [storage-service] [main] liquibase.lockservice                    : Successfully released change log lock
2024-03-11T23:19:27.370+03:00  INFO 28652 --- [storage-service] [main] liquibase.command                        : Command execution complete
2024-03-11T23:19:27.487+03:00  INFO 28652 --- [storage-service] [main] o.hibernate.jpa.internal.util.LogHelper  : HHH000204: Processing PersistenceUnitInfo [name: default]
2024-03-11T23:19:27.588+03:00  INFO 28652 --- [storage-service] [main] org.hibernate.Version                    : HHH000412: Hibernate ORM core version 6.4.4.Final
2024-03-11T23:19:27.645+03:00  INFO 28652 --- [storage-service] [main] o.h.c.internal.RegionFactoryInitiator    : HHH000026: Second-level cache disabled
2024-03-11T23:19:28.226+03:00  INFO 28652 --- [storage-service] [main] o.s.o.j.p.SpringPersistenceUnitInfo      : No LoadTimeWeaver setup: ignoring JPA class transformer
2024-03-11T23:19:29.509+03:00  INFO 28652 --- [storage-service] [main] o.h.e.t.j.p.i.JtaPlatformInitiator       : HHH000489: No JTA platform available (set 'hibernate.transaction.jta.platform' to enable JTA platform integration)
2024-03-11T23:19:29.685+03:00  INFO 28652 --- [storage-service] [main] j.LocalContainerEntityManagerFactoryBean : Initialized JPA EntityManagerFactory for persistence unit 'default'
2024-03-11T23:19:30.100+03:00  INFO 28652 --- [storage-service] [main] o.h.c.internal.RegionFactoryInitiator    : HHH000026: Second-level cache disabled
2024-03-11T23:19:30.106+03:00  WARN 28652 --- [storage-service] [main] org.hibernate.orm.connections.pooling    : HHH10001002: Using built-in connection pool (not intended for production use)
2024-03-11T23:19:30.106+03:00  INFO 28652 --- [storage-service] [main] org.hibernate.orm.connections.pooling    : HHH10001005: Loaded JDBC driver class: org.postgresql.Driver
2024-03-11T23:19:30.106+03:00  INFO 28652 --- [storage-service] [main] org.hibernate.orm.connections.pooling    : HHH10001012: Connecting with JDBC URL [jdbc:postgresql://localhost:5432/autoservice]
2024-03-11T23:19:30.107+03:00  INFO 28652 --- [storage-service] [main] org.hibernate.orm.connections.pooling    : HHH10001001: Connection properties: {password=****, user=postgres}
2024-03-11T23:19:30.107+03:00  INFO 28652 --- [storage-service] [main] org.hibernate.orm.connections.pooling    : HHH10001003: Autocommit mode: false
2024-03-11T23:19:30.109+03:00  INFO 28652 --- [storage-service] [main] org.hibernate.orm.connections.pooling    : HHH10001115: Connection pool size: 20 (min=1)
2024-03-11T23:19:30.438+03:00  WARN 28652 --- [storage-service] [main] JpaBaseConfiguration$JpaWebConfiguration : spring.jpa.open-in-view is enabled by default. Therefore, database queries may be performed during view rendering. Explicitly configure spring.jpa.open-in-view to disable this warning
2024-03-11T23:19:32.277+03:00  INFO 28652 --- [storage-service] [main] o.s.cloud.commons.util.InetUtils         : Cannot determine local hostname
2024-03-11T23:19:32.317+03:00  INFO 28652 --- [storage-service] [main] DiscoveryClientOptionalArgsConfiguration : Eureka HTTP Client uses RestTemplate.
2024-03-11T23:19:33.456+03:00  INFO 28652 --- [storage-service] [main] o.s.cloud.commons.util.InetUtils         : Cannot determine local hostname
2024-03-11T23:19:33.486+03:00  WARN 28652 --- [storage-service] [main] iguration$LoadBalancerCaffeineWarnLogger : Spring Cloud LoadBalancer is currently working with the default cache. While this cache implementation is useful for development and tests, it's recommended to use Caffeine cache in production.You can switch to using Caffeine cache, by adding it and org.springframework.cache.caffeine.CaffeineCacheManager to the classpath.
2024-03-11T23:19:33.509+03:00  INFO 28652 --- [storage-service] [main] o.s.c.n.eureka.InstanceInfoFactory       : Setting initial instance status as: STARTING
2024-03-11T23:19:33.625+03:00  INFO 28652 --- [storage-service] [main] com.netflix.discovery.DiscoveryClient    : Initializing Eureka in region us-east-1
2024-03-11T23:19:33.630+03:00  INFO 28652 --- [storage-service] [main] c.n.d.s.r.aws.ConfigClusterResolver      : Resolving eureka endpoints via configuration
2024-03-11T23:19:33.653+03:00  INFO 28652 --- [storage-service] [main] com.netflix.discovery.DiscoveryClient    : Disable delta property : false
2024-03-11T23:19:33.653+03:00  INFO 28652 --- [storage-service] [main] com.netflix.discovery.DiscoveryClient    : Single vip registry refresh property : null
2024-03-11T23:19:33.653+03:00  INFO 28652 --- [storage-service] [main] com.netflix.discovery.DiscoveryClient    : Force full registry fetch : false
2024-03-11T23:19:33.654+03:00  INFO 28652 --- [storage-service] [main] com.netflix.discovery.DiscoveryClient    : Application is null : false
2024-03-11T23:19:33.654+03:00  INFO 28652 --- [storage-service] [main] com.netflix.discovery.DiscoveryClient    : Registered Applications size is zero : true
2024-03-11T23:19:33.654+03:00  INFO 28652 --- [storage-service] [main] com.netflix.discovery.DiscoveryClient    : Application version is -1: true
2024-03-11T23:19:33.654+03:00  INFO 28652 --- [storage-service] [main] com.netflix.discovery.DiscoveryClient    : Getting all instance registry info from the eureka server
2024-03-11T23:19:34.063+03:00  INFO 28652 --- [storage-service] [main] com.netflix.discovery.DiscoveryClient    : The response status is 200
2024-03-11T23:19:34.066+03:00  INFO 28652 --- [storage-service] [main] com.netflix.discovery.DiscoveryClient    : Starting heartbeat executor: renew interval is: 30
2024-03-11T23:19:34.068+03:00  INFO 28652 --- [storage-service] [main] c.n.discovery.InstanceInfoReplicator     : InstanceInfoReplicator onDemand update allowed rate per min is 4
2024-03-11T23:19:34.073+03:00  INFO 28652 --- [storage-service] [main] com.netflix.discovery.DiscoveryClient    : Discovery Client initialized at timestamp 1710188374072 with initial instances count: 1
2024-03-11T23:19:34.076+03:00  INFO 28652 --- [storage-service] [main] o.s.c.n.e.s.EurekaServiceRegistry        : Registering application STORAGE-SERVICE with eureka with status UP
2024-03-11T23:19:34.077+03:00  INFO 28652 --- [storage-service] [main] com.netflix.discovery.DiscoveryClient    : Saw local status change event StatusChangeEvent [timestamp=1710188374077, current=UP, previous=STARTING]
2024-03-11T23:19:34.079+03:00  INFO 28652 --- [storage-service] [DiscoveryClient-InstanceInfoReplicator-0] com.netflix.discovery.DiscoveryClient    : DiscoveryClient_STORAGE-SERVICE/localhost:storage-service:8080: registering service...
2024-03-11T23:19:34.090+03:00  INFO 28652 --- [storage-service] [main] r.h.s.StorageServiceApplicationTests     : Started StorageServiceApplicationTests in 10.979 seconds (process running for 12.157)
2024-03-11T23:19:34.128+03:00  INFO 28652 --- [storage-service] [DiscoveryClient-InstanceInfoReplicator-0] com.netflix.discovery.DiscoveryClient    : DiscoveryClient_STORAGE-SERVICE/localhost:storage-service:8080 - registration status: 204
2024-03-11T23:19:34.721+03:00  INFO 28652 --- [storage-service] [SpringApplicationShutdownHook] o.s.c.n.e.s.EurekaServiceRegistry        : Unregistering application STORAGE-SERVICE with eureka with status DOWN
2024-03-11T23:19:34.721+03:00  INFO 28652 --- [storage-service] [SpringApplicationShutdownHook] com.netflix.discovery.DiscoveryClient    : Saw local status change event StatusChangeEvent [timestamp=1710188374721, current=DOWN, previous=UP]
2024-03-11T23:19:34.721+03:00  INFO 28652 --- [storage-service] [DiscoveryClient-InstanceInfoReplicator-0] com.netflix.discovery.DiscoveryClient    : DiscoveryClient_STORAGE-SERVICE/localhost:storage-service:8080: registering service...
2024-03-11T23:19:34.726+03:00  INFO 28652 --- [storage-service] [SpringApplicationShutdownHook] j.LocalContainerEntityManagerFactoryBean : Closing JPA EntityManagerFactory for persistence unit 'default'
2024-03-11T23:19:34.727+03:00  INFO 28652 --- [storage-service] [DiscoveryClient-InstanceInfoReplicator-0] com.netflix.discovery.DiscoveryClient    : DiscoveryClient_STORAGE-SERVICE/localhost:storage-service:8080 - registration status: 204
2024-03-11T23:19:34.728+03:00  INFO 28652 --- [storage-service] [SpringApplicationShutdownHook] com.zaxxer.hikari.HikariDataSource       : HikariPool-1 - Shutdown initiated...
2024-03-11T23:19:34.733+03:00  INFO 28652 --- [storage-service] [SpringApplicationShutdownHook] com.zaxxer.hikari.HikariDataSource       : HikariPool-1 - Shutdown completed.
2024-03-11T23:19:34.735+03:00  INFO 28652 --- [storage-service] [SpringApplicationShutdownHook] com.netflix.discovery.DiscoveryClient    : Shutting down DiscoveryClient ...
2024-03-11T23:19:37.739+03:00  INFO 28652 --- [storage-service] [SpringApplicationShutdownHook] com.netflix.discovery.DiscoveryClient    : Unregistering ...
2024-03-11T23:19:37.752+03:00  INFO 28652 --- [storage-service] [SpringApplicationShutdownHook] com.netflix.discovery.DiscoveryClient    : DiscoveryClient_STORAGE-SERVICE/localhost:storage-service:8080 - deregister  status: 200
2024-03-11T23:19:37.757+03:00  INFO 28652 --- [storage-service] [SpringApplicationShutdownHook] com.netflix.discovery.DiscoveryClient    : Completed shut down of DiscoveryClient
